{"/Users/andrewsquier/sei/project/yoga-practice-builder/yogaPracticeBuilder-server/config/auth.js": {"path":"/Users/andrewsquier/sei/project/yoga-practice-builder/yogaPracticeBuilder-server/config/auth.js","statementMap":{"0":{"start":{"line":2,"column":17},"end":{"line":2,"column":36}},"1":{"start":{"line":3,"column":15},"end":{"line":3,"column":32}},"2":{"start":{"line":4,"column":12},"end":{"line":4,"column":35}},"3":{"start":{"line":6,"column":15},"end":{"line":6,"column":80}},"4":{"start":{"line":7,"column":33},"end":{"line":7,"column":56}},"5":{"start":{"line":9,"column":13},"end":{"line":12,"column":1}},"6":{"start":{"line":14,"column":16},"end":{"line":14,"column":44}},"7":{"start":{"line":16,"column":17},"end":{"line":20,"column":2}},"8":{"start":{"line":17,"column":1},"end":{"line":19,"column":28}},"9":{"start":{"line":18,"column":21},"end":{"line":18,"column":40}},"10":{"start":{"line":19,"column":18},"end":{"line":19,"column":27}},"11":{"start":{"line":22,"column":0},"end":{"line":22,"column":22}},"12":{"start":{"line":23,"column":0},"end":{"line":23,"column":21}},"13":{"start":{"line":26,"column":21},"end":{"line":26,"column":69}},"14":{"start":{"line":28,"column":27},"end":{"line":39,"column":1}},"15":{"start":{"line":29,"column":1},"end":{"line":37,"column":2}},"16":{"start":{"line":34,"column":14},"end":{"line":34,"column":73}},"17":{"start":{"line":35,"column":2},"end":{"line":35,"column":22}},"18":{"start":{"line":36,"column":2},"end":{"line":36,"column":11}},"19":{"start":{"line":38,"column":1},"end":{"line":38,"column":67}},"20":{"start":{"line":42,"column":0},"end":{"line":45,"column":1}}},"fnMap":{"0":{"name":"(anonymous_0)","decl":{"start":{"line":16,"column":36},"end":{"line":16,"column":37}},"loc":{"start":{"line":16,"column":65},"end":{"line":20,"column":1}},"line":16},"1":{"name":"(anonymous_1)","decl":{"start":{"line":18,"column":8},"end":{"line":18,"column":9}},"loc":{"start":{"line":18,"column":21},"end":{"line":18,"column":40}},"line":18},"2":{"name":"(anonymous_2)","decl":{"start":{"line":19,"column":9},"end":{"line":19,"column":10}},"loc":{"start":{"line":19,"column":18},"end":{"line":19,"column":27}},"line":19},"3":{"name":"(anonymous_3)","decl":{"start":{"line":28,"column":27},"end":{"line":28,"column":28}},"loc":{"start":{"line":28,"column":45},"end":{"line":39,"column":1}},"line":28}},"branchMap":{"0":{"loc":{"start":{"line":6,"column":15},"end":{"line":6,"column":80}},"type":"binary-expr","locations":[{"start":{"line":6,"column":15},"end":{"line":6,"column":37}},{"start":{"line":6,"column":41},"end":{"line":6,"column":80}}],"line":6},"1":{"loc":{"start":{"line":29,"column":1},"end":{"line":37,"column":2}},"type":"if","locations":[{"start":{"line":29,"column":1},"end":{"line":37,"column":2}},{"start":{},"end":{}}],"line":29},"2":{"loc":{"start":{"line":30,"column":2},"end":{"line":32,"column":70}},"type":"binary-expr","locations":[{"start":{"line":30,"column":2},"end":{"line":30,"column":10}},{"start":{"line":31,"column":2},"end":{"line":31,"column":32}},{"start":{"line":32,"column":2},"end":{"line":32,"column":70}}],"line":30}},"s":{"0":2,"1":2,"2":2,"3":2,"4":2,"5":2,"6":2,"7":2,"8":0,"9":0,"10":0,"11":2,"12":2,"13":2,"14":2,"15":0,"16":0,"17":0,"18":0,"19":0,"20":2},"f":{"0":0,"1":0,"2":0,"3":0},"b":{"0":[2,2],"1":[0,0],"2":[0,0,0]},"_coverageSchema":"1a1c01bbd47fc00a2c39e90264f33305004495a9","hash":"a8f2d35060a2089133bb2b42edbdb1b6a23ac7ec"}
,"/Users/andrewsquier/sei/project/yoga-practice-builder/yogaPracticeBuilder-server/lib/requireAdmin.js": {"path":"/Users/andrewsquier/sei/project/yoga-practice-builder/yogaPracticeBuilder-server/lib/requireAdmin.js","statementMap":{"0":{"start":{"line":2,"column":21},"end":{"line":7,"column":1}},"1":{"start":{"line":3,"column":4},"end":{"line":5,"column":5}},"2":{"start":{"line":4,"column":8},"end":{"line":4,"column":71}},"3":{"start":{"line":6,"column":4},"end":{"line":6,"column":10}},"4":{"start":{"line":10,"column":0},"end":{"line":10,"column":31}}},"fnMap":{"0":{"name":"(anonymous_0)","decl":{"start":{"line":2,"column":21},"end":{"line":2,"column":22}},"loc":{"start":{"line":2,"column":41},"end":{"line":7,"column":1}},"line":2}},"branchMap":{"0":{"loc":{"start":{"line":3,"column":4},"end":{"line":5,"column":5}},"type":"if","locations":[{"start":{"line":3,"column":4},"end":{"line":5,"column":5}},{"start":{},"end":{}}],"line":3}},"s":{"0":2,"1":0,"2":0,"3":0,"4":2},"f":{"0":0},"b":{"0":[0,0]},"_coverageSchema":"1a1c01bbd47fc00a2c39e90264f33305004495a9","hash":"626aac0d25bbbce18952c1c1bcf81212fcd85499"}
,"/Users/andrewsquier/sei/project/yoga-practice-builder/yogaPracticeBuilder-server/routes/v2/posture-routes.js": {"path":"/Users/andrewsquier/sei/project/yoga-practice-builder/yogaPracticeBuilder-server/routes/v2/posture-routes.js","statementMap":{"0":{"start":{"line":1,"column":16},"end":{"line":1,"column":34}},"1":{"start":{"line":2,"column":22},"end":{"line":2,"column":56}},"2":{"start":{"line":3,"column":25},"end":{"line":3,"column":53}},"3":{"start":{"line":4,"column":25},"end":{"line":4,"column":58}},"4":{"start":{"line":5,"column":16},"end":{"line":5,"column":47}},"5":{"start":{"line":6,"column":16},"end":{"line":6,"column":47}},"6":{"start":{"line":7,"column":15},"end":{"line":7,"column":31}},"7":{"start":{"line":10,"column":28},"end":{"line":23,"column":1}},"8":{"start":{"line":11,"column":29},"end":{"line":11,"column":31}},"9":{"start":{"line":12,"column":4},"end":{"line":21,"column":6}},"10":{"start":{"line":13,"column":31},"end":{"line":19,"column":13}},"11":{"start":{"line":20,"column":8},"end":{"line":20,"column":45}},"12":{"start":{"line":22,"column":4},"end":{"line":22,"column":27}},"13":{"start":{"line":29,"column":0},"end":{"line":35,"column":2}},"14":{"start":{"line":30,"column":8},"end":{"line":34,"column":24}},"15":{"start":{"line":32,"column":16},"end":{"line":32,"column":58}},"16":{"start":{"line":41,"column":0},"end":{"line":57,"column":2}},"17":{"start":{"line":48,"column":4},"end":{"line":56,"column":20}},"18":{"start":{"line":50,"column":12},"end":{"line":50,"column":51}},"19":{"start":{"line":50,"column":43},"end":{"line":50,"column":50}},"20":{"start":{"line":53,"column":37},"end":{"line":53,"column":66}},"21":{"start":{"line":54,"column":12},"end":{"line":54,"column":64}},"22":{"start":{"line":61,"column":0},"end":{"line":76,"column":2}},"23":{"start":{"line":62,"column":4},"end":{"line":75,"column":20}},"24":{"start":{"line":66,"column":12},"end":{"line":66,"column":40}},"25":{"start":{"line":69,"column":12},"end":{"line":69,"column":51}},"26":{"start":{"line":69,"column":43},"end":{"line":69,"column":50}},"27":{"start":{"line":72,"column":37},"end":{"line":72,"column":66}},"28":{"start":{"line":73,"column":12},"end":{"line":73,"column":64}},"29":{"start":{"line":80,"column":0},"end":{"line":87,"column":2}},"30":{"start":{"line":81,"column":4},"end":{"line":86,"column":16}},"31":{"start":{"line":84,"column":12},"end":{"line":84,"column":53}},"32":{"start":{"line":91,"column":0},"end":{"line":108,"column":2}},"33":{"start":{"line":92,"column":4},"end":{"line":107,"column":20}},"34":{"start":{"line":96,"column":12},"end":{"line":103,"column":13}},"35":{"start":{"line":98,"column":16},"end":{"line":98,"column":59}},"36":{"start":{"line":102,"column":16},"end":{"line":102,"column":60}},"37":{"start":{"line":104,"column":12},"end":{"line":104,"column":33}},"38":{"start":{"line":106,"column":20},"end":{"line":106,"column":39}},"39":{"start":{"line":112,"column":0},"end":{"line":120,"column":2}},"40":{"start":{"line":113,"column":4},"end":{"line":119,"column":20}},"41":{"start":{"line":116,"column":12},"end":{"line":116,"column":54}},"42":{"start":{"line":118,"column":20},"end":{"line":118,"column":39}},"43":{"start":{"line":124,"column":0},"end":{"line":132,"column":2}},"44":{"start":{"line":125,"column":1},"end":{"line":131,"column":14}},"45":{"start":{"line":128,"column":12},"end":{"line":128,"column":31}},"46":{"start":{"line":130,"column":14},"end":{"line":130,"column":33}},"47":{"start":{"line":135,"column":0},"end":{"line":135,"column":23}}},"fnMap":{"0":{"name":"(anonymous_0)","decl":{"start":{"line":10,"column":28},"end":{"line":10,"column":29}},"loc":{"start":{"line":10,"column":42},"end":{"line":23,"column":1}},"line":10},"1":{"name":"(anonymous_1)","decl":{"start":{"line":12,"column":21},"end":{"line":12,"column":22}},"loc":{"start":{"line":12,"column":32},"end":{"line":21,"column":5}},"line":12},"2":{"name":"(anonymous_2)","decl":{"start":{"line":29,"column":58},"end":{"line":29,"column":59}},"loc":{"start":{"line":29,"column":78},"end":{"line":35,"column":1}},"line":29},"3":{"name":"(anonymous_3)","decl":{"start":{"line":31,"column":18},"end":{"line":31,"column":19}},"loc":{"start":{"line":31,"column":29},"end":{"line":33,"column":13}},"line":31},"4":{"name":"(anonymous_4)","decl":{"start":{"line":41,"column":27},"end":{"line":41,"column":28}},"loc":{"start":{"line":41,"column":47},"end":{"line":57,"column":1}},"line":41},"5":{"name":"(anonymous_5)","decl":{"start":{"line":49,"column":14},"end":{"line":49,"column":15}},"loc":{"start":{"line":49,"column":26},"end":{"line":51,"column":9}},"line":49},"6":{"name":"(anonymous_6)","decl":{"start":{"line":50,"column":32},"end":{"line":50,"column":33}},"loc":{"start":{"line":50,"column":43},"end":{"line":50,"column":50}},"line":50},"7":{"name":"(anonymous_7)","decl":{"start":{"line":52,"column":14},"end":{"line":52,"column":15}},"loc":{"start":{"line":52,"column":26},"end":{"line":55,"column":9}},"line":52},"8":{"name":"(anonymous_8)","decl":{"start":{"line":61,"column":47},"end":{"line":61,"column":48}},"loc":{"start":{"line":61,"column":67},"end":{"line":76,"column":1}},"line":61},"9":{"name":"(anonymous_9)","decl":{"start":{"line":65,"column":14},"end":{"line":65,"column":15}},"loc":{"start":{"line":65,"column":25},"end":{"line":67,"column":9}},"line":65},"10":{"name":"(anonymous_10)","decl":{"start":{"line":68,"column":14},"end":{"line":68,"column":15}},"loc":{"start":{"line":68,"column":26},"end":{"line":70,"column":9}},"line":68},"11":{"name":"(anonymous_11)","decl":{"start":{"line":69,"column":32},"end":{"line":69,"column":33}},"loc":{"start":{"line":69,"column":43},"end":{"line":69,"column":50}},"line":69},"12":{"name":"(anonymous_12)","decl":{"start":{"line":71,"column":14},"end":{"line":71,"column":15}},"loc":{"start":{"line":71,"column":26},"end":{"line":74,"column":9}},"line":71},"13":{"name":"(anonymous_13)","decl":{"start":{"line":80,"column":45},"end":{"line":80,"column":46}},"loc":{"start":{"line":80,"column":65},"end":{"line":87,"column":1}},"line":80},"14":{"name":"(anonymous_14)","decl":{"start":{"line":83,"column":10},"end":{"line":83,"column":11}},"loc":{"start":{"line":83,"column":21},"end":{"line":85,"column":9}},"line":83},"15":{"name":"(anonymous_15)","decl":{"start":{"line":91,"column":49},"end":{"line":91,"column":50}},"loc":{"start":{"line":91,"column":69},"end":{"line":108,"column":1}},"line":91},"16":{"name":"(anonymous_16)","decl":{"start":{"line":94,"column":14},"end":{"line":94,"column":15}},"loc":{"start":{"line":94,"column":25},"end":{"line":105,"column":9}},"line":94},"17":{"name":"(anonymous_17)","decl":{"start":{"line":106,"column":14},"end":{"line":106,"column":15}},"loc":{"start":{"line":106,"column":20},"end":{"line":106,"column":39}},"line":106},"18":{"name":"(anonymous_18)","decl":{"start":{"line":112,"column":63},"end":{"line":112,"column":64}},"loc":{"start":{"line":112,"column":83},"end":{"line":120,"column":1}},"line":112},"19":{"name":"(anonymous_19)","decl":{"start":{"line":115,"column":14},"end":{"line":115,"column":15}},"loc":{"start":{"line":115,"column":25},"end":{"line":117,"column":9}},"line":115},"20":{"name":"(anonymous_20)","decl":{"start":{"line":118,"column":14},"end":{"line":118,"column":15}},"loc":{"start":{"line":118,"column":20},"end":{"line":118,"column":39}},"line":118},"21":{"name":"(anonymous_21)","decl":{"start":{"line":124,"column":64},"end":{"line":124,"column":65}},"loc":{"start":{"line":124,"column":84},"end":{"line":132,"column":1}},"line":124},"22":{"name":"(anonymous_22)","decl":{"start":{"line":127,"column":14},"end":{"line":127,"column":15}},"loc":{"start":{"line":127,"column":27},"end":{"line":129,"column":3}},"line":127},"23":{"name":"(anonymous_23)","decl":{"start":{"line":130,"column":8},"end":{"line":130,"column":9}},"loc":{"start":{"line":130,"column":14},"end":{"line":130,"column":33}},"line":130}},"branchMap":{"0":{"loc":{"start":{"line":96,"column":12},"end":{"line":103,"column":13}},"type":"if","locations":[{"start":{"line":96,"column":12},"end":{"line":103,"column":13}},{"start":{"line":100,"column":17},"end":{"line":103,"column":13}}],"line":96}},"s":{"0":1,"1":1,"2":1,"3":1,"4":1,"5":1,"6":1,"7":1,"8":0,"9":0,"10":0,"11":0,"12":0,"13":1,"14":0,"15":0,"16":1,"17":0,"18":0,"19":0,"20":0,"21":0,"22":1,"23":0,"24":0,"25":0,"26":0,"27":0,"28":0,"29":1,"30":0,"31":0,"32":1,"33":0,"34":0,"35":0,"36":0,"37":0,"38":0,"39":1,"40":0,"41":0,"42":0,"43":1,"44":0,"45":0,"46":0,"47":1},"f":{"0":0,"1":0,"2":0,"3":0,"4":0,"5":0,"6":0,"7":0,"8":0,"9":0,"10":0,"11":0,"12":0,"13":0,"14":0,"15":0,"16":0,"17":0,"18":0,"19":0,"20":0,"21":0,"22":0,"23":0},"b":{"0":[0,0]},"_coverageSchema":"1a1c01bbd47fc00a2c39e90264f33305004495a9","hash":"00764aaf2cc6a7c1b78160af84ab932a60d82c75"}
,"/Users/andrewsquier/sei/project/yoga-practice-builder/yogaPracticeBuilder-server/routes/v2/student-routes.js": {"path":"/Users/andrewsquier/sei/project/yoga-practice-builder/yogaPracticeBuilder-server/routes/v2/student-routes.js","statementMap":{"0":{"start":{"line":1,"column":16},"end":{"line":1,"column":34}},"1":{"start":{"line":2,"column":45},"end":{"line":2,"column":73}},"2":{"start":{"line":3,"column":25},"end":{"line":3,"column":58}},"3":{"start":{"line":4,"column":15},"end":{"line":4,"column":32}},"4":{"start":{"line":5,"column":22},"end":{"line":5,"column":56}},"5":{"start":{"line":6,"column":16},"end":{"line":6,"column":47}},"6":{"start":{"line":8,"column":15},"end":{"line":8,"column":31}},"7":{"start":{"line":12,"column":0},"end":{"line":28,"column":2}},"8":{"start":{"line":13,"column":4},"end":{"line":27,"column":20}},"9":{"start":{"line":16,"column":12},"end":{"line":20,"column":13}},"10":{"start":{"line":22,"column":25},"end":{"line":22,"column":48}},"11":{"start":{"line":25,"column":12},"end":{"line":25,"column":54}},"12":{"start":{"line":32,"column":0},"end":{"line":39,"column":2}},"13":{"start":{"line":33,"column":4},"end":{"line":38,"column":20}},"14":{"start":{"line":34,"column":25},"end":{"line":34,"column":57}},"15":{"start":{"line":36,"column":12},"end":{"line":36,"column":38}},"16":{"start":{"line":43,"column":0},"end":{"line":50,"column":2}},"17":{"start":{"line":44,"column":4},"end":{"line":49,"column":20}},"18":{"start":{"line":47,"column":12},"end":{"line":47,"column":53}},"19":{"start":{"line":54,"column":0},"end":{"line":62,"column":2}},"20":{"start":{"line":55,"column":4},"end":{"line":61,"column":20}},"21":{"start":{"line":58,"column":12},"end":{"line":58,"column":54}},"22":{"start":{"line":60,"column":20},"end":{"line":60,"column":39}},"23":{"start":{"line":66,"column":0},"end":{"line":75,"column":2}},"24":{"start":{"line":68,"column":4},"end":{"line":74,"column":14}},"25":{"start":{"line":71,"column":12},"end":{"line":71,"column":31}},"26":{"start":{"line":73,"column":14},"end":{"line":73,"column":33}},"27":{"start":{"line":87,"column":0},"end":{"line":87,"column":23}}},"fnMap":{"0":{"name":"(anonymous_0)","decl":{"start":{"line":12,"column":27},"end":{"line":12,"column":28}},"loc":{"start":{"line":12,"column":47},"end":{"line":28,"column":1}},"line":12},"1":{"name":"(anonymous_1)","decl":{"start":{"line":15,"column":14},"end":{"line":15,"column":15}},"loc":{"start":{"line":15,"column":32},"end":{"line":21,"column":9}},"line":15},"2":{"name":"(anonymous_2)","decl":{"start":{"line":22,"column":14},"end":{"line":22,"column":15}},"loc":{"start":{"line":22,"column":25},"end":{"line":22,"column":48}},"line":22},"3":{"name":"(anonymous_3)","decl":{"start":{"line":23,"column":14},"end":{"line":23,"column":15}},"loc":{"start":{"line":23,"column":25},"end":{"line":26,"column":9}},"line":23},"4":{"name":"(anonymous_4)","decl":{"start":{"line":32,"column":27},"end":{"line":32,"column":28}},"loc":{"start":{"line":32,"column":47},"end":{"line":39,"column":1}},"line":32},"5":{"name":"(anonymous_5)","decl":{"start":{"line":34,"column":14},"end":{"line":34,"column":15}},"loc":{"start":{"line":34,"column":25},"end":{"line":34,"column":57}},"line":34},"6":{"name":"(anonymous_6)","decl":{"start":{"line":35,"column":14},"end":{"line":35,"column":15}},"loc":{"start":{"line":35,"column":23},"end":{"line":37,"column":9}},"line":35},"7":{"name":"(anonymous_7)","decl":{"start":{"line":43,"column":40},"end":{"line":43,"column":41}},"loc":{"start":{"line":43,"column":60},"end":{"line":50,"column":1}},"line":43},"8":{"name":"(anonymous_8)","decl":{"start":{"line":46,"column":14},"end":{"line":46,"column":15}},"loc":{"start":{"line":46,"column":25},"end":{"line":48,"column":9}},"line":46},"9":{"name":"(anonymous_9)","decl":{"start":{"line":54,"column":42},"end":{"line":54,"column":43}},"loc":{"start":{"line":54,"column":62},"end":{"line":62,"column":1}},"line":54},"10":{"name":"(anonymous_10)","decl":{"start":{"line":57,"column":14},"end":{"line":57,"column":15}},"loc":{"start":{"line":57,"column":25},"end":{"line":59,"column":9}},"line":57},"11":{"name":"(anonymous_11)","decl":{"start":{"line":60,"column":14},"end":{"line":60,"column":15}},"loc":{"start":{"line":60,"column":20},"end":{"line":60,"column":39}},"line":60},"12":{"name":"(anonymous_12)","decl":{"start":{"line":66,"column":43},"end":{"line":66,"column":44}},"loc":{"start":{"line":66,"column":63},"end":{"line":75,"column":1}},"line":66},"13":{"name":"(anonymous_13)","decl":{"start":{"line":70,"column":14},"end":{"line":70,"column":15}},"loc":{"start":{"line":70,"column":27},"end":{"line":72,"column":3}},"line":70},"14":{"name":"(anonymous_14)","decl":{"start":{"line":73,"column":8},"end":{"line":73,"column":9}},"loc":{"start":{"line":73,"column":14},"end":{"line":73,"column":33}},"line":73}},"branchMap":{},"s":{"0":1,"1":1,"2":1,"3":1,"4":1,"5":1,"6":1,"7":1,"8":0,"9":0,"10":0,"11":0,"12":1,"13":1,"14":0,"15":0,"16":1,"17":0,"18":0,"19":1,"20":0,"21":0,"22":0,"23":1,"24":0,"25":0,"26":0,"27":1},"f":{"0":0,"1":0,"2":0,"3":0,"4":1,"5":0,"6":0,"7":0,"8":0,"9":0,"10":0,"11":0,"12":0,"13":0,"14":0},"b":{},"_coverageSchema":"1a1c01bbd47fc00a2c39e90264f33305004495a9","hash":"079a6054cb4153937e91864de706e4eeaf7a2c7f"}
}
