TN:
SF:config/auth.js
FN:16,(anonymous_0)
FN:18,(anonymous_1)
FN:19,(anonymous_2)
FN:28,(anonymous_3)
FNF:4
FNH:0
FNDA:0,(anonymous_0)
FNDA:0,(anonymous_1)
FNDA:0,(anonymous_2)
FNDA:0,(anonymous_3)
DA:2,2
DA:3,2
DA:4,2
DA:6,2
DA:7,2
DA:9,2
DA:14,2
DA:16,2
DA:17,0
DA:18,0
DA:19,0
DA:22,2
DA:23,2
DA:26,2
DA:28,2
DA:29,0
DA:34,0
DA:35,0
DA:36,0
DA:38,0
DA:42,2
LF:21
LH:13
BRDA:6,0,0,2
BRDA:6,0,1,2
BRDA:29,1,0,0
BRDA:29,1,1,0
BRDA:30,2,0,0
BRDA:30,2,1,0
BRDA:30,2,2,0
BRF:7
BRH:2
end_of_record
TN:
SF:lib/requireAdmin.js
FN:2,(anonymous_0)
FNF:1
FNH:0
FNDA:0,(anonymous_0)
DA:2,2
DA:3,0
DA:4,0
DA:6,0
DA:10,2
LF:5
LH:2
BRDA:3,0,0,0
BRDA:3,0,1,0
BRF:2
BRH:0
end_of_record
TN:
SF:routes/v2/posture-routes.js
FN:10,(anonymous_0)
FN:12,(anonymous_1)
FN:29,(anonymous_2)
FN:31,(anonymous_3)
FN:41,(anonymous_4)
FN:49,(anonymous_5)
FN:50,(anonymous_6)
FN:52,(anonymous_7)
FN:61,(anonymous_8)
FN:65,(anonymous_9)
FN:68,(anonymous_10)
FN:69,(anonymous_11)
FN:71,(anonymous_12)
FN:80,(anonymous_13)
FN:83,(anonymous_14)
FN:91,(anonymous_15)
FN:94,(anonymous_16)
FN:106,(anonymous_17)
FN:112,(anonymous_18)
FN:115,(anonymous_19)
FN:118,(anonymous_20)
FN:124,(anonymous_21)
FN:127,(anonymous_22)
FN:130,(anonymous_23)
FNF:24
FNH:0
FNDA:0,(anonymous_0)
FNDA:0,(anonymous_1)
FNDA:0,(anonymous_2)
FNDA:0,(anonymous_3)
FNDA:0,(anonymous_4)
FNDA:0,(anonymous_5)
FNDA:0,(anonymous_6)
FNDA:0,(anonymous_7)
FNDA:0,(anonymous_8)
FNDA:0,(anonymous_9)
FNDA:0,(anonymous_10)
FNDA:0,(anonymous_11)
FNDA:0,(anonymous_12)
FNDA:0,(anonymous_13)
FNDA:0,(anonymous_14)
FNDA:0,(anonymous_15)
FNDA:0,(anonymous_16)
FNDA:0,(anonymous_17)
FNDA:0,(anonymous_18)
FNDA:0,(anonymous_19)
FNDA:0,(anonymous_20)
FNDA:0,(anonymous_21)
FNDA:0,(anonymous_22)
FNDA:0,(anonymous_23)
DA:1,1
DA:2,1
DA:3,1
DA:4,1
DA:5,1
DA:6,1
DA:7,1
DA:10,1
DA:11,0
DA:12,0
DA:13,0
DA:20,0
DA:22,0
DA:29,1
DA:30,0
DA:32,0
DA:41,1
DA:48,0
DA:50,0
DA:53,0
DA:54,0
DA:61,1
DA:62,0
DA:66,0
DA:69,0
DA:72,0
DA:73,0
DA:80,1
DA:81,0
DA:84,0
DA:91,1
DA:92,0
DA:96,0
DA:98,0
DA:102,0
DA:104,0
DA:106,0
DA:112,1
DA:113,0
DA:116,0
DA:118,0
DA:124,1
DA:125,0
DA:128,0
DA:130,0
DA:135,1
LF:46
LH:16
BRDA:96,0,0,0
BRDA:96,0,1,0
BRF:2
BRH:0
end_of_record
TN:
SF:routes/v2/student-routes.js
FN:12,(anonymous_0)
FN:15,(anonymous_1)
FN:22,(anonymous_2)
FN:23,(anonymous_3)
FN:32,(anonymous_4)
FN:34,(anonymous_5)
FN:35,(anonymous_6)
FN:43,(anonymous_7)
FN:46,(anonymous_8)
FN:54,(anonymous_9)
FN:57,(anonymous_10)
FN:60,(anonymous_11)
FN:66,(anonymous_12)
FN:70,(anonymous_13)
FN:73,(anonymous_14)
FNF:15
FNH:1
FNDA:0,(anonymous_0)
FNDA:0,(anonymous_1)
FNDA:0,(anonymous_2)
FNDA:0,(anonymous_3)
FNDA:1,(anonymous_4)
FNDA:0,(anonymous_5)
FNDA:0,(anonymous_6)
FNDA:0,(anonymous_7)
FNDA:0,(anonymous_8)
FNDA:0,(anonymous_9)
FNDA:0,(anonymous_10)
FNDA:0,(anonymous_11)
FNDA:0,(anonymous_12)
FNDA:0,(anonymous_13)
FNDA:0,(anonymous_14)
DA:1,1
DA:2,1
DA:3,1
DA:4,1
DA:5,1
DA:6,1
DA:8,1
DA:12,1
DA:13,0
DA:16,0
DA:22,0
DA:25,0
DA:32,1
DA:33,1
DA:34,0
DA:36,0
DA:43,1
DA:44,0
DA:47,0
DA:54,1
DA:55,0
DA:58,0
DA:60,0
DA:66,1
DA:68,0
DA:71,0
DA:73,0
DA:87,1
LF:28
LH:14
BRF:0
BRH:0
end_of_record
